<?xml version="1.0" encoding="UTF-8"?>
<!-- Generated by org.testng.reporters.JUnitReportReporter -->
<testsuite hostname="DESKTOP-TRJL33N" failures="0" tests="1" name="com.eBanking.TC.AddNewCustomer_TC_002" time="53.703" errors="0" timestamp="2022-09-27T11:29:51 IST" skipped="0">
  <testcase classname="com.eBanking.TC.AddNewCustomer_TC_002" name="addCustomer" time="53.703"/>
  <system-out/>
</testsuite> <!-- com.eBanking.TC.AddNewCustomer_TC_002 -->
