<?xml version="1.0" encoding="UTF-8"?>
<!-- Generated by org.testng.reporters.JUnitReportReporter -->
<testsuite hostname="DESKTOP-TRJL33N" failures="0" tests="1" name="com.eBanking.TC.LoginTest_001" time="29.190" errors="0" timestamp="2022-09-22T11:51:00 IST" skipped="0">
  <testcase classname="com.eBanking.TC.LoginTest_001" name="loginTest" time="29.190"/>
  <system-out/>
</testsuite> <!-- com.eBanking.TC.LoginTest_001 -->
